<?xml version="1.0" encoding="UTF-8"?>
<!-- Generated by org.testng.reporters.JUnitReportReporter -->
<testsuite hostname="welcome-PC" name="tests.MyHomePageTest" tests="1" failures="0" timestamp="9 Jul 2016 16:32:48 GMT" time="9.424" errors="0">
  <testcase name="verifySuccesfullLogin" time="9.424" classname="tests.MyHomePageTest"/>
</testsuite> <!-- tests.MyHomePageTest -->
