<?xml version="1.0" encoding="UTF-8"?>
<!-- Generated by org.testng.reporters.JUnitReportReporter -->
<testsuite hostname="vinod-PC" name="tests.MyHomePageTest" tests="1" failures="0" timestamp="29 Jul 2016 12:58:04 GMT" time="0.062" errors="0">
  <testcase name="testing" time="0.062" classname="tests.MyHomePageTest"/>
</testsuite>
