<?xml version="1.0" encoding="UTF-8"?>
<!-- Generated by org.testng.reporters.JUnitReportReporter -->
<testsuite hostname="vinod-PC" name="tests.MyHomePageTest" tests="1" failures="0" timestamp="29 Jul 2016 13:03:31 GMT" time="0.016" errors="0">
  <testcase name="testing" time="0.016" classname="tests.MyHomePageTest"/>
</testsuite>
